2019-11-21 13:14:51,775  WARN [ModalContext] - ScalaProject - Project O1Library has platform default sourceLevel.
2019-11-21 13:14:51,790  WARN [ModalContext] - ScalaProject - Project O1Library runs on platform default installation.
2019-11-21 13:14:52,150  WARN [ModalContext] - ScalaProject - Project O1Library has platform default sourceLevel.
2019-11-21 13:14:52,150  WARN [ModalContext] - ScalaProject - Project O1Library runs on platform default installation.
2019-11-21 13:14:52,665  WARN [Worker-1] - ScalaProject - Project O1Library has platform default sourceLevel.
2019-11-21 13:14:52,665  WARN [Worker-1] - ScalaProject - Project O1Library runs on platform default installation.
2019-11-21 13:14:52,900  WARN [Worker-6] - ScalaProject - Project O1Library has platform default sourceLevel.
2019-11-21 13:14:52,900  WARN [Worker-6] - ScalaProject - Project O1Library runs on platform default installation.
2019-11-21 13:14:54,796  WARN [Worker-1] - ScalaProject - Project O1Library has platform default sourceLevel.
2019-11-21 13:14:54,796  WARN [Worker-1] - ScalaProject - Project O1Library runs on platform default installation.
2019-11-21 13:15:15,631  WARN [Worker-0] - ScalaProject - Project Adventure has platform default sourceLevel.
2019-11-21 13:15:15,631  WARN [Worker-0] - ScalaProject - Project Adventure runs on platform default installation.
2019-11-21 13:15:15,647  WARN [Worker-0] - ScalaProject - Project Adventure has platform default sourceLevel.
2019-11-21 13:15:15,647  WARN [Worker-0] - ScalaProject - Project Adventure runs on platform default installation.
2019-11-21 13:15:15,662  WARN [Worker-1] - ScalaProject - Project Adventure has platform default sourceLevel.
2019-11-21 13:15:15,678  WARN [Worker-1] - ScalaProject - Project Adventure runs on platform default installation.
2019-11-21 13:15:19,370  WARN [Worker-4] - ScalaProject - Project Adventure has platform default sourceLevel.
2019-11-21 13:15:19,370  WARN [Worker-4] - ScalaProject - Project Adventure runs on platform default installation.
2019-11-21 13:15:19,614  WARN [Java indexing] - ScalaProject - Project Adventure has platform default sourceLevel.
2019-11-21 13:15:19,614  WARN [Java indexing] - ScalaProject - Project Adventure runs on platform default installation.
2019-11-21 13:18:22,475  WARN [main] - ScalaProject - Project Adventure has platform default sourceLevel.
2019-11-21 13:18:22,475  WARN [main] - ScalaProject - Project Adventure runs on platform default installation.
2019-11-21 13:18:22,647  WARN [Worker-2] - ScalaProject - Project Adventure has platform default sourceLevel.
2019-11-21 13:18:22,647  WARN [Worker-2] - ScalaProject - Project Adventure runs on platform default installation.
